<?xml version="1.0" encoding="UTF-8"?>
<web-app version="2.5" xmlns="http://java.sun.com/xml/ns/javaee" xmlns:xsi="http://www.w3.org/2001/XMLSchema-instance"
         xsi:schemaLocation="http://java.sun.com/xml/ns/javaee http://java.sun.com/xml/ns/javaee/web-app_2_5.xsd">

    <context-param>
        <param-name>contextConfigLocation</param-name>
        <param-value>file://${project.build.testOutputDirectory}/test-applicationContext.xml</param-value>
    </context-param>

    <context-param>
        <description>The config dir where logback.xml is read from. Regarded as absolute if starting with /, otherwise
            relative from the WEB-INF folder of the webapp
        </description>
        <param-name>CONFIGDIR</param-name>
        <param-value>${project.build.testOutputDirectory}</param-value>
    </context-param>


</web-app>