<beans xmlns="http://www.springframework.org/schema/beans"
       xmlns:xsi="http://www.w3.org/2001/XMLSchema-instance"
       xmlns:context="http://www.springframework.org/schema/context"
       xmlns:util="http://www.springframework.org/schema/util"
       xsi:schemaLocation="http://www.springframework.org/schema/beans
	http://www.springframework.org/schema/beans/spring-beans-3.0.xsd http://www.springframework.org/schema/context
	http://www.springframework.org/schema/context/spring-context-3.0.xsd http://www.springframework.org/schema/util http://www.springframework.org/schema/util/spring-util.xsd">

    <context:component-scan base-package="dk.statsbiblioteket.newspaper.processmonitor"/>

    <bean id="sboi_config" class="dk.statsbiblioteket.medieplatform.autonomous.processmonitor.datasources.SBOIDatasourceConfiguration" scope="singleton">
        <property name="summaLocation" value="${autonomous.sboi.url}"/>       
        <property name="domsLocation" value="${doms.url}"/>
        <property name="domsUser" value="${doms.username}"/>
        <property name="domsPassword" value="${doms.password}"/>
         
    </bean>

    <bean id="sboi" class="dk.statsbiblioteket.medieplatform.autonomous.processmonitor.datasources.SBOIDatasource" scope="singleton">
        <constructor-arg ref="sboi_config"/>
    </bean>

    <bean id="mpPakConfig" class="dk.statsbiblioteket.newspaper.mfpakintegration.configuration.MfPakConfiguration"
          scope="singleton">
        <property name="databaseUrl" value="${mfpak.postgres.url}"/>
        <property name="databaseUser" value="${mfpak.postgres.user}"/>
        <property name="databasePassword" value="${mfpak.postgres.password}"/>
    </bean>
    <bean id="mfPak" class="dk.statsbiblioteket.newspaper.mfpakintegration.MfPakDataSource" scope="singleton">
        <constructor-arg ref="mpPakConfig"/>
    </bean>

    <bean id="dataSourceMockup"
          class="dk.statsbiblioteket.medieplatform.autonomous.processmonitor.datasources.DataSourceMockup"
          scope="singleton">
        <property name="username" value="${doms.username}"/>
        <property name="password" value="${doms.password}"/>
    </bean>

    <!--Reserved name for the data sources list-->
    <util:list id="dataSourcesList" list-class="java.util.ArrayList" scope="request">
        <ref bean="mfPak"/>
        <ref bean="sboi"/>
        <ref bean="dataSourceMockup"/>
    </util:list>

    <bean id="statisticsService" class="dk.statsbiblioteket.newspaper.processmonitor.stats.StatisticsService">
        <property name="statisticsBaseUrl" value="http:/localhost:7820/statistics/statistics.html?batchid="/>
    </bean>

</beans>